<?xml version="1.0" encoding="UTF-8"?>
<!-- Generated by org.testng.reporters.JUnitXMLReporter -->
<testsuite ignored="0" hostname="LTIN538497" failures="0" tests="6" name="chromeTest" time="162.129" errors="0" timestamp="2025-07-12T13:04:19 IST">
  <testcase classname="testCases.TC001_HospitalsAvailabilityTest" name="hospitalsSearch" time="86.455"/>
  <testcase classname="testCases.TC002_LoginAuthentication" name="loginTest" time="2.524"/>
  <testcase classname="testCases.TC002_LoginAuthentication" name="loginTest" time="3.251"/>
  <testcase classname="testCases.TC002_LoginAuthentication" name="loginTest" time="1.191"/>
  <testcase classname="testCases.TC008_TopCity_TestPageTest" name="getTopCities" time="13.429"/>
  <testcase classname="testCases.TC003_VideoConsultancy" name="getTopCities" time="8.023"/>
</testsuite> <!-- chromeTest -->
