<?xml version="1.0" encoding="UTF-8"?>
<!-- Generated by org.testng.reporters.JUnitXMLReporter -->
<testsuite ignored="0" hostname="LTIN538497" failures="0" tests="7" name="edgeTest" time="159.243" errors="0" timestamp="2025-07-12T22:20:03 IST">
  <testcase classname="testCases.TC001_HospitalsAvailabilityTest" name="hospitalsSearch" time="14.417"/>
  <testcase classname="testCases.TC002_NearbyDoctors" name="findDoctorsTest" time="54.661"/>
  <testcase classname="testCases.TC003_VideoConsultancy" name="getTopCities" time="5.726"/>
  <testcase classname="testCases.TC004_LoginAuthentication" name="loginTest" time="2.545"/>
  <testcase classname="testCases.TC004_LoginAuthentication" name="loginTest" time="3.499"/>
  <testcase classname="testCases.TC004_LoginAuthentication" name="loginTest" time="1.575"/>
  <testcase classname="testCases.TC008_TopCity_TestPageTest" name="getTopCities" time="14.652"/>
</testsuite> <!-- edgeTest -->
