<?xml version="1.0" encoding="UTF-8"?>
<!-- Generated by org.testng.reporters.JUnitXMLReporter -->
<testsuite ignored="0" hostname="LTIN576385" failures="2" tests="10" name="edgeTest" time="303.955" errors="0" timestamp="2025-07-17T10:53:47 IST">
  <testcase classname="testCases.TC001_HospitalsAvailabilityTest" name="hospitalsSearch" time="19.731"/>
  <testcase classname="testCases.TC002_NearbyDoctors" name="findDoctorsTest" time="29.125"/>
  <testcase classname="testCases.TC003_VideoConsultancy" name="getTopCities" time="6.268"/>
  <testcase classname="testCases.TC004_LoginAuthentication" name="loginTest" time="2.187"/>
  <testcase classname="testCases.TC004_LoginAuthentication" name="loginTest" time="3.76"/>
  <testcase classname="testCases.TC004_LoginAuthentication" name="loginTest" time="1.471">
    <failure type="java.lang.AssertionError" message="null">
      <![CDATA[java.lang.AssertionError: null
at testCases.TC004_LoginAuthentication.loginTest(TC004_LoginAuthentication.java:54)
at java.base/java.util.ArrayList.forEach(ArrayList.java:1596)
... Removed 27 stack frames]]>
    </failure>
  </testcase> <!-- loginTest -->
  <testcase classname="testCases.TC005_SearchHealthArticles" name="healthArticlesSearch" time="27.301"/>
  <testcase classname="testCases.TC006_SocialsLinkVerification" name="linkVerification" time="41.708">
    <failure type="java.lang.AssertionError" message="Exception occurred: Unexpected result for screenshot command: null">
      <![CDATA[java.lang.AssertionError: Exception occurred: Unexpected result for screenshot command: null
at testCases.TC006_SocialsLinkVerification.linkVerification(TC006_SocialsLinkVerification.java:30)
at java.base/java.util.ArrayList.forEach(ArrayList.java:1596)
... Removed 26 stack frames]]>
    </failure>
  </testcase> <!-- linkVerification -->
  <testcase classname="testCases.TC007_CaptchaScreenshot" name="corporateClick" time="24.183"/>
  <testcase classname="testCases.TC008_TopCity_TestPageTest" name="getTopCities" time="13.905"/>
</testsuite> <!-- edgeTest -->
