<?xml version="1.0" encoding="UTF-8"?>
<!-- Generated by org.testng.reporters.JUnitXMLReporter -->
<testsuite ignored="0" hostname="LTIN453391" failures="1" tests="1" name="Test" time="76.719" errors="0" timestamp="2025-07-10T10:27:32 IST">
  <testcase classname="testCases.TC001_HospitalsAvailabilityTest" name="hospitalsSearch" time="60.185">
    <failure type="java.lang.AssertionError" message="null">
      <![CDATA[java.lang.AssertionError: null
at testCases.TC001_HospitalsAvailabilityTest.hospitalsSearch(TC001_HospitalsAvailabilityTest.java:25)
at java.base/java.util.ArrayList.forEach(ArrayList.java:1596)
... Removed 27 stack frames]]>
    </failure>
  </testcase> <!-- hospitalsSearch -->
</testsuite> <!-- Test -->
