<?xml version="1.0" encoding="UTF-8"?>
<testng-results ignored="0" total="6" passed="6" failed="0" skipped="0">
  <reporter-output>
  </reporter-output>
  <suite started-at="2025-07-12T13:01:37 IST" name="Suite" finished-at="2025-07-12T13:04:19 IST" duration-ms="162129">
    <groups>
    </groups>
    <test started-at="2025-07-12T13:01:37 IST" name="chromeTest" finished-at="2025-07-12T13:04:19 IST" duration-ms="162129">
      <class name="testCases.TC003_VideoConsultancy">
        <test-method is-config="true" signature="setup(java.lang.String,java.lang.String)[pri:0, instance:testCases.TC003_VideoConsultancy@4b1d6571]" started-at="2025-07-12T13:03:59 IST" name="setup" finished-at="2025-07-12T13:04:08 IST" duration-ms="8556" status="PASS">
          <params>
            <param index="0">
              <value>
                <![CDATA[Windows]]>
              </value>
            </param>
            <param index="1">
              <value>
                <![CDATA[Chrome]]>
              </value>
            </param>
          </params>
          <reporter-output>
          </reporter-output>
        </test-method> <!-- setup -->
        <test-method signature="getTopCities()[pri:0, instance:testCases.TC003_VideoConsultancy@4b1d6571]" started-at="2025-07-12T13:04:08 IST" name="getTopCities" finished-at="2025-07-12T13:04:16 IST" duration-ms="8023" status="PASS">
          <reporter-output>
          </reporter-output>
        </test-method> <!-- getTopCities -->
        <test-method is-config="true" signature="tearDown()[pri:0, instance:testCases.TC003_VideoConsultancy@4b1d6571]" started-at="2025-07-12T13:04:16 IST" name="tearDown" finished-at="2025-07-12T13:04:19 IST" duration-ms="2751" status="PASS">
          <reporter-output>
          </reporter-output>
        </test-method> <!-- tearDown -->
      </class> <!-- testCases.TC003_VideoConsultancy -->
      <class name="testCases.TC002_LoginAuthentication">
        <test-method is-config="true" signature="setup(java.lang.String,java.lang.String)[pri:0, instance:testCases.TC002_LoginAuthentication@5b1ebf56]" started-at="2025-07-12T13:03:18 IST" name="setup" finished-at="2025-07-12T13:03:26 IST" duration-ms="8012" status="PASS">
          <params>
            <param index="0">
              <value>
                <![CDATA[Windows]]>
              </value>
            </param>
            <param index="1">
              <value>
                <![CDATA[Chrome]]>
              </value>
            </param>
          </params>
          <reporter-output>
          </reporter-output>
        </test-method> <!-- setup -->
        <test-method signature="loginTest(java.lang.String,java.lang.String,java.lang.String)[pri:0, instance:testCases.TC002_LoginAuthentication@5b1ebf56]" started-at="2025-07-12T13:03:26 IST" name="loginTest" data-provider="LoginData" finished-at="2025-07-12T13:03:28 IST" duration-ms="2524" status="PASS">
          <params>
            <param index="0">
              <value>
                <![CDATA[rajthakur2341@gmail.com]]>
              </value>
            </param>
            <param index="1">
              <value>
                <![CDATA[RajThakur234@#]]>
              </value>
            </param>
            <param index="2">
              <value>
                <![CDATA[Invalid]]>
              </value>
            </param>
          </params>
          <reporter-output>
          </reporter-output>
        </test-method> <!-- loginTest -->
        <test-method signature="loginTest(java.lang.String,java.lang.String,java.lang.String)[pri:0, instance:testCases.TC002_LoginAuthentication@5b1ebf56]" started-at="2025-07-12T13:03:28 IST" name="loginTest" data-provider="LoginData" finished-at="2025-07-12T13:03:32 IST" duration-ms="3251" status="PASS">
          <params>
            <param index="0">
              <value>
                <![CDATA[chatterjeenaitik0@gmail.com]]>
              </value>
            </param>
            <param index="1">
              <value>
                <![CDATA[Practo2025@#$]]>
              </value>
            </param>
            <param index="2">
              <value>
                <![CDATA[Valid]]>
              </value>
            </param>
          </params>
          <reporter-output>
          </reporter-output>
        </test-method> <!-- loginTest -->
        <test-method signature="loginTest(java.lang.String,java.lang.String,java.lang.String)[pri:0, instance:testCases.TC002_LoginAuthentication@5b1ebf56]" started-at="2025-07-12T13:03:32 IST" name="loginTest" data-provider="LoginData" finished-at="2025-07-12T13:03:33 IST" duration-ms="1191" status="PASS">
          <params>
            <param index="0">
              <value>
                <![CDATA[dasTanisha@gmail.com]]>
              </value>
            </param>
            <param index="1">
              <value>
                <![CDATA[xyzdasTani@#]]>
              </value>
            </param>
            <param index="2">
              <value>
                <![CDATA[Invalid]]>
              </value>
            </param>
          </params>
          <reporter-output>
          </reporter-output>
        </test-method> <!-- loginTest -->
        <test-method is-config="true" signature="tearDown()[pri:0, instance:testCases.TC002_LoginAuthentication@5b1ebf56]" started-at="2025-07-12T13:03:33 IST" name="tearDown" finished-at="2025-07-12T13:03:35 IST" duration-ms="2249" status="PASS">
          <reporter-output>
          </reporter-output>
        </test-method> <!-- tearDown -->
      </class> <!-- testCases.TC002_LoginAuthentication -->
      <class name="testCases.TC008_TopCity_TestPageTest">
        <test-method is-config="true" signature="setup(java.lang.String,java.lang.String)[pri:0, instance:testCases.TC008_TopCity_TestPageTest@294a6b8e]" started-at="2025-07-12T13:03:35 IST" name="setup" finished-at="2025-07-12T13:03:43 IST" duration-ms="8141" status="PASS">
          <params>
            <param index="0">
              <value>
                <![CDATA[Windows]]>
              </value>
            </param>
            <param index="1">
              <value>
                <![CDATA[Chrome]]>
              </value>
            </param>
          </params>
          <reporter-output>
          </reporter-output>
        </test-method> <!-- setup -->
        <test-method signature="getTopCities()[pri:0, instance:testCases.TC008_TopCity_TestPageTest@294a6b8e]" started-at="2025-07-12T13:03:43 IST" name="getTopCities" finished-at="2025-07-12T13:03:57 IST" duration-ms="13429" status="PASS">
          <reporter-output>
          </reporter-output>
        </test-method> <!-- getTopCities -->
        <test-method is-config="true" signature="tearDown()[pri:0, instance:testCases.TC008_TopCity_TestPageTest@294a6b8e]" started-at="2025-07-12T13:03:57 IST" name="tearDown" finished-at="2025-07-12T13:03:59 IST" duration-ms="2685" status="PASS">
          <reporter-output>
          </reporter-output>
        </test-method> <!-- tearDown -->
      </class> <!-- testCases.TC008_TopCity_TestPageTest -->
      <class name="testCases.TC001_HospitalsAvailabilityTest">
        <test-method is-config="true" signature="setup(java.lang.String,java.lang.String)[pri:0, instance:testCases.TC001_HospitalsAvailabilityTest@6995bf68]" started-at="2025-07-12T13:01:37 IST" name="setup" finished-at="2025-07-12T13:01:47 IST" duration-ms="10236" status="PASS">
          <params>
            <param index="0">
              <value>
                <![CDATA[Windows]]>
              </value>
            </param>
            <param index="1">
              <value>
                <![CDATA[Chrome]]>
              </value>
            </param>
          </params>
          <reporter-output>
          </reporter-output>
        </test-method> <!-- setup -->
        <test-method signature="hospitalsSearch(java.lang.String,java.lang.String,java.lang.String,java.lang.String)[pri:0, instance:testCases.TC001_HospitalsAvailabilityTest@6995bf68]" started-at="2025-07-12T13:01:48 IST" name="hospitalsSearch" data-provider="FindingHospitalsData" finished-at="2025-07-12T13:03:14 IST" duration-ms="86455" status="PASS">
          <params>
            <param index="0">
              <value>
                <![CDATA[Bangalore]]>
              </value>
            </param>
            <param index="1">
              <value>
                <![CDATA[Hospital]]>
              </value>
            </param>
            <param index="2">
              <value>
                <![CDATA[Open 24x7]]>
              </value>
            </param>
            <param index="3">
              <value>
                <![CDATA[4]]>
              </value>
            </param>
          </params>
          <reporter-output>
          </reporter-output>
        </test-method> <!-- hospitalsSearch -->
        <test-method is-config="true" signature="tearDown()[pri:0, instance:testCases.TC001_HospitalsAvailabilityTest@6995bf68]" started-at="2025-07-12T13:03:14 IST" name="tearDown" finished-at="2025-07-12T13:03:18 IST" duration-ms="3503" status="PASS">
          <reporter-output>
          </reporter-output>
        </test-method> <!-- tearDown -->
      </class> <!-- testCases.TC001_HospitalsAvailabilityTest -->
    </test> <!-- chromeTest -->
  </suite> <!-- Suite -->
</testng-results>
