<?xml version="1.0" encoding="UTF-8"?>
<testng-results ignored="0" total="8" passed="8" failed="0" skipped="0">
  <reporter-output>
  </reporter-output>
  <suite started-at="2025-07-21T22:23:04 IST" name="Cucumber test - Hospitals Project" finished-at="2025-07-21T22:27:29 IST" duration-ms="265142">
    <groups>
      <group name="cucumber">
        <method signature="AbstractTestNGCucumberTests.runScenario(io.cucumber.testng.PickleWrapper,io.cucumber.testng.FeatureWrapper)[pri:0, instance:runners.TestRunner_TestNG@f6c03cb]" name="runScenario" class="io.cucumber.testng.AbstractTestNGCucumberTests"/>
      </group> <!-- cucumber -->
    </groups>
    <test started-at="2025-07-21T22:23:04 IST" name="Cucumber Test - Chrome" finished-at="2025-07-21T22:27:29 IST" duration-ms="265142">
      <class name="runners.TestRunner_TestNG">
        <test-method is-config="true" signature="setUpClass(org.testng.ITestContext)[pri:0, instance:runners.TestRunner_TestNG@f6c03cb]" started-at="2025-07-21T22:23:04 IST" name="setUpClass" finished-at="2025-07-21T22:23:05 IST" duration-ms="835" status="PASS">
          <params>
            <param index="0">
              <value>
                <![CDATA[org.testng.TestRunner@5ee0cf64]]>
              </value>
            </param>
          </params>
          <reporter-output>
          </reporter-output>
        </test-method> <!-- setUpClass -->
        <test-method signature="runScenario(io.cucumber.testng.PickleWrapper,io.cucumber.testng.FeatureWrapper)[pri:0, instance:runners.TestRunner_TestNG@f6c03cb]" started-at="2025-07-21T22:23:05 IST" name="runScenario" description="Runs Cucumber Scenarios" data-provider="scenarios" finished-at="2025-07-21T22:23:40 IST" duration-ms="35140" status="PASS">
          <params>
            <param index="0">
              <value>
                <![CDATA["Load hospital search data and retrieve matching hospital names"]]>
              </value>
            </param>
            <param index="1">
              <value>
                <![CDATA["Verify hospital search functionality"]]>
              </value>
            </param>
          </params>
          <reporter-output>
          </reporter-output>
        </test-method> <!-- runScenario -->
        <test-method signature="runScenario(io.cucumber.testng.PickleWrapper,io.cucumber.testng.FeatureWrapper)[pri:0, instance:runners.TestRunner_TestNG@f6c03cb]" started-at="2025-07-21T22:23:40 IST" name="runScenario" description="Runs Cucumber Scenarios" data-provider="scenarios" finished-at="2025-07-21T22:24:33 IST" duration-ms="53710" status="PASS">
          <params>
            <param index="0">
              <value>
                <![CDATA["Search doctors by location and type from Excel"]]>
              </value>
            </param>
            <param index="1">
              <value>
                <![CDATA["Search for nearby doctors"]]>
              </value>
            </param>
          </params>
          <reporter-output>
          </reporter-output>
        </test-method> <!-- runScenario -->
        <test-method signature="runScenario(io.cucumber.testng.PickleWrapper,io.cucumber.testng.FeatureWrapper)[pri:0, instance:runners.TestRunner_TestNG@f6c03cb]" started-at="2025-07-21T22:24:33 IST" name="runScenario" description="Runs Cucumber Scenarios" data-provider="scenarios" finished-at="2025-07-21T22:24:54 IST" duration-ms="20986" status="PASS">
          <params>
            <param index="0">
              <value>
                <![CDATA["Search for Video Consultation types and return its prices"]]>
              </value>
            </param>
            <param index="1">
              <value>
                <![CDATA["Video Consultancy types and its prices"]]>
              </value>
            </param>
          </params>
          <reporter-output>
          </reporter-output>
        </test-method> <!-- runScenario -->
        <test-method signature="runScenario(io.cucumber.testng.PickleWrapper,io.cucumber.testng.FeatureWrapper)[pri:0, instance:runners.TestRunner_TestNG@f6c03cb]" started-at="2025-07-21T22:24:54 IST" name="runScenario" description="Runs Cucumber Scenarios" data-provider="scenarios" finished-at="2025-07-21T22:25:17 IST" duration-ms="22280" status="PASS">
          <params>
            <param index="0">
              <value>
                <![CDATA["Login with multiple credentials from Excel"]]>
              </value>
            </param>
            <param index="1">
              <value>
                <![CDATA["Login Authentication"]]>
              </value>
            </param>
          </params>
          <reporter-output>
          </reporter-output>
        </test-method> <!-- runScenario -->
        <test-method signature="runScenario(io.cucumber.testng.PickleWrapper,io.cucumber.testng.FeatureWrapper)[pri:0, instance:runners.TestRunner_TestNG@f6c03cb]" started-at="2025-07-21T22:25:17 IST" name="runScenario" description="Runs Cucumber Scenarios" data-provider="scenarios" finished-at="2025-07-21T22:25:43 IST" duration-ms="26565" status="PASS">
          <params>
            <param index="0">
              <value>
                <![CDATA["Search for health articles and save title-author pairs"]]>
              </value>
            </param>
            <param index="1">
              <value>
                <![CDATA["Search and store health articles"]]>
              </value>
            </param>
          </params>
          <reporter-output>
          </reporter-output>
        </test-method> <!-- runScenario -->
        <test-method signature="runScenario(io.cucumber.testng.PickleWrapper,io.cucumber.testng.FeatureWrapper)[pri:0, instance:runners.TestRunner_TestNG@f6c03cb]" started-at="2025-07-21T22:25:43 IST" name="runScenario" description="Runs Cucumber Scenarios" data-provider="scenarios" finished-at="2025-07-21T22:26:24 IST" duration-ms="40295" status="PASS">
          <params>
            <param index="0">
              <value>
                <![CDATA["Verify all social links open correctly and capture screenshots"]]>
              </value>
            </param>
            <param index="1">
              <value>
                <![CDATA["Social Media Links Verification"]]>
              </value>
            </param>
          </params>
          <reporter-output>
          </reporter-output>
        </test-method> <!-- runScenario -->
        <test-method signature="runScenario(io.cucumber.testng.PickleWrapper,io.cucumber.testng.FeatureWrapper)[pri:0, instance:runners.TestRunner_TestNG@f6c03cb]" started-at="2025-07-21T22:26:24 IST" name="runScenario" description="Runs Cucumber Scenarios" data-provider="scenarios" finished-at="2025-07-21T22:26:58 IST" duration-ms="34363" status="PASS">
          <params>
            <param index="0">
              <value>
                <![CDATA["Fill and submit health and wellness form to capture CAPTCHA screen"]]>
              </value>
            </param>
            <param index="1">
              <value>
                <![CDATA["Submit corporate health demo request form"]]>
              </value>
            </param>
          </params>
          <reporter-output>
          </reporter-output>
        </test-method> <!-- runScenario -->
        <test-method signature="runScenario(io.cucumber.testng.PickleWrapper,io.cucumber.testng.FeatureWrapper)[pri:0, instance:runners.TestRunner_TestNG@f6c03cb]" started-at="2025-07-21T22:26:58 IST" name="runScenario" description="Runs Cucumber Scenarios" data-provider="scenarios" finished-at="2025-07-21T22:27:29 IST" duration-ms="30867" status="PASS">
          <params>
            <param index="0">
              <value>
                <![CDATA["User logs in and saves TopCities to Excel"]]>
              </value>
            </param>
            <param index="1">
              <value>
                <![CDATA["Fetch and store TopCities from Book Tests section"]]>
              </value>
            </param>
          </params>
          <reporter-output>
          </reporter-output>
        </test-method> <!-- runScenario -->
        <test-method is-config="true" signature="tearDownClass()[pri:0, instance:runners.TestRunner_TestNG@f6c03cb]" started-at="2025-07-21T22:27:29 IST" name="tearDownClass" finished-at="2025-07-21T22:27:29 IST" duration-ms="39" status="PASS">
          <reporter-output>
          </reporter-output>
        </test-method> <!-- tearDownClass -->
        <test-method is-config="true" signature="afterSuite()[pri:0, instance:runners.TestRunner_TestNG@f6c03cb]" started-at="2025-07-21T22:27:29 IST" name="afterSuite" finished-at="2025-07-21T22:27:29 IST" duration-ms="14" status="PASS">
          <reporter-output>
          </reporter-output>
        </test-method> <!-- afterSuite -->
      </class> <!-- runners.TestRunner_TestNG -->
    </test> <!-- Cucumber Test - Chrome -->
  </suite> <!-- Cucumber test - Hospitals Project -->
</testng-results>
