<?xml version="1.0" encoding="UTF-8"?>
<testng-results ignored="0" total="1" passed="1" failed="0" skipped="0">
  <reporter-output>
  </reporter-output>
  <suite started-at="2025-07-12T12:38:51 IST" name="Suite" finished-at="2025-07-12T12:39:48 IST" duration-ms="56804">
    <groups>
    </groups>
    <test started-at="2025-07-12T12:38:51 IST" name="chromeTest" finished-at="2025-07-12T12:39:48 IST" duration-ms="56781">
      <class name="testCases.TC002_NearbyDoctors">
        <test-method is-config="true" signature="setup(java.lang.String,java.lang.String)[pri:0, instance:testCases.TC002_NearbyDoctors@7ac0e420]" started-at="2025-07-12T12:38:51 IST" name="setup" finished-at="2025-07-12T12:38:59 IST" duration-ms="8373" status="PASS">
          <params>
            <param index="0">
              <value>
                <![CDATA[Windows]]>
              </value>
            </param>
            <param index="1">
              <value>
                <![CDATA[Chrome]]>
              </value>
            </param>
          </params>
          <reporter-output>
          </reporter-output>
        </test-method> <!-- setup -->
        <test-method signature="findDoctorsTest(java.lang.String,java.lang.String)[pri:0, instance:testCases.TC002_NearbyDoctors@7ac0e420]" started-at="2025-07-12T12:39:00 IST" name="findDoctorsTest" data-provider="DoctorsSearchData" finished-at="2025-07-12T12:39:45 IST" duration-ms="44427" status="PASS">
          <params>
            <param index="0">
              <value>
                <![CDATA[Bangalore]]>
              </value>
            </param>
            <param index="1">
              <value>
                <![CDATA[Dermatologist]]>
              </value>
            </param>
          </params>
          <reporter-output>
          </reporter-output>
        </test-method> <!-- findDoctorsTest -->
        <test-method is-config="true" signature="tearDown()[pri:0, instance:testCases.TC002_NearbyDoctors@7ac0e420]" started-at="2025-07-12T12:39:45 IST" name="tearDown" finished-at="2025-07-12T12:39:48 IST" duration-ms="3227" status="PASS">
          <reporter-output>
          </reporter-output>
        </test-method> <!-- tearDown -->
      </class> <!-- testCases.TC002_NearbyDoctors -->
    </test> <!-- chromeTest -->
    <test started-at="2025-07-12T12:39:48 IST" name="edgeTest" finished-at="2025-07-12T12:39:48 IST" duration-ms="1">
    </test> <!-- edgeTest -->
  </suite> <!-- Suite -->
</testng-results>
