<?xml version="1.0" encoding="UTF-8"?>
<testng-results ignored="0" total="14" passed="14" failed="0" skipped="0">
  <reporter-output>
  </reporter-output>
  <suite started-at="2025-07-12T22:14:49 IST" name="Suite" finished-at="2025-07-12T22:20:03 IST" duration-ms="313667">
    <groups>
    </groups>
    <test started-at="2025-07-12T22:14:49 IST" name="chromeTest" finished-at="2025-07-12T22:17:23 IST" duration-ms="154353">
      <class name="testCases.TC002_NearbyDoctors">
        <test-method is-config="true" signature="setup(java.lang.String,java.lang.String)[pri:0, instance:testCases.TC002_NearbyDoctors@4b1d6571]" started-at="2025-07-12T22:15:31 IST" name="setup" finished-at="2025-07-12T22:15:41 IST" duration-ms="10241" status="PASS">
          <params>
            <param index="0">
              <value>
                <![CDATA[Windows]]>
              </value>
            </param>
            <param index="1">
              <value>
                <![CDATA[Chrome]]>
              </value>
            </param>
          </params>
          <reporter-output>
          </reporter-output>
        </test-method> <!-- setup -->
        <test-method signature="findDoctorsTest(java.lang.String,java.lang.String)[pri:0, instance:testCases.TC002_NearbyDoctors@4b1d6571]" started-at="2025-07-12T22:15:42 IST" name="findDoctorsTest" data-provider="DoctorsSearchData" finished-at="2025-07-12T22:16:16 IST" duration-ms="34611" status="PASS">
          <params>
            <param index="0">
              <value>
                <![CDATA[Bangalore]]>
              </value>
            </param>
            <param index="1">
              <value>
                <![CDATA[Dermatologist]]>
              </value>
            </param>
          </params>
          <reporter-output>
          </reporter-output>
        </test-method> <!-- findDoctorsTest -->
        <test-method is-config="true" signature="tearDown()[pri:0, instance:testCases.TC002_NearbyDoctors@4b1d6571]" started-at="2025-07-12T22:16:16 IST" name="tearDown" finished-at="2025-07-12T22:16:20 IST" duration-ms="3727" status="PASS">
          <reporter-output>
          </reporter-output>
        </test-method> <!-- tearDown -->
      </class> <!-- testCases.TC002_NearbyDoctors -->
      <class name="testCases.TC003_VideoConsultancy">
        <test-method is-config="true" signature="setup(java.lang.String,java.lang.String)[pri:0, instance:testCases.TC003_VideoConsultancy@1b835480]" started-at="2025-07-12T22:16:20 IST" name="setup" finished-at="2025-07-12T22:16:29 IST" duration-ms="8759" status="PASS">
          <params>
            <param index="0">
              <value>
                <![CDATA[Windows]]>
              </value>
            </param>
            <param index="1">
              <value>
                <![CDATA[Chrome]]>
              </value>
            </param>
          </params>
          <reporter-output>
          </reporter-output>
        </test-method> <!-- setup -->
        <test-method signature="getTopCities()[pri:0, instance:testCases.TC003_VideoConsultancy@1b835480]" started-at="2025-07-12T22:16:29 IST" name="getTopCities" finished-at="2025-07-12T22:16:35 IST" duration-ms="6161" status="PASS">
          <reporter-output>
          </reporter-output>
        </test-method> <!-- getTopCities -->
        <test-method is-config="true" signature="tearDown()[pri:0, instance:testCases.TC003_VideoConsultancy@1b835480]" started-at="2025-07-12T22:16:35 IST" name="tearDown" finished-at="2025-07-12T22:16:37 IST" duration-ms="2496" status="PASS">
          <reporter-output>
          </reporter-output>
        </test-method> <!-- tearDown -->
      </class> <!-- testCases.TC003_VideoConsultancy -->
      <class name="testCases.TC008_TopCity_TestPageTest">
        <test-method is-config="true" signature="setup(java.lang.String,java.lang.String)[pri:0, instance:testCases.TC008_TopCity_TestPageTest@4f25b795]" started-at="2025-07-12T22:16:58 IST" name="setup" finished-at="2025-07-12T22:17:06 IST" duration-ms="8395" status="PASS">
          <params>
            <param index="0">
              <value>
                <![CDATA[Windows]]>
              </value>
            </param>
            <param index="1">
              <value>
                <![CDATA[Chrome]]>
              </value>
            </param>
          </params>
          <reporter-output>
          </reporter-output>
        </test-method> <!-- setup -->
        <test-method signature="getTopCities()[pri:0, instance:testCases.TC008_TopCity_TestPageTest@4f25b795]" started-at="2025-07-12T22:17:06 IST" name="getTopCities" finished-at="2025-07-12T22:17:20 IST" duration-ms="13935" status="PASS">
          <reporter-output>
          </reporter-output>
        </test-method> <!-- getTopCities -->
        <test-method is-config="true" signature="tearDown()[pri:0, instance:testCases.TC008_TopCity_TestPageTest@4f25b795]" started-at="2025-07-12T22:17:20 IST" name="tearDown" finished-at="2025-07-12T22:17:23 IST" duration-ms="2847" status="PASS">
          <reporter-output>
          </reporter-output>
        </test-method> <!-- tearDown -->
      </class> <!-- testCases.TC008_TopCity_TestPageTest -->
      <class name="testCases.TC001_HospitalsAvailabilityTest">
        <test-method is-config="true" signature="setup(java.lang.String,java.lang.String)[pri:0, instance:testCases.TC001_HospitalsAvailabilityTest@77825085]" started-at="2025-07-12T22:14:49 IST" name="setup" finished-at="2025-07-12T22:15:03 IST" duration-ms="14271" status="PASS">
          <params>
            <param index="0">
              <value>
                <![CDATA[Windows]]>
              </value>
            </param>
            <param index="1">
              <value>
                <![CDATA[Chrome]]>
              </value>
            </param>
          </params>
          <reporter-output>
          </reporter-output>
        </test-method> <!-- setup -->
        <test-method signature="hospitalsSearch(java.lang.String,java.lang.String,java.lang.String,java.lang.String)[pri:0, instance:testCases.TC001_HospitalsAvailabilityTest@77825085]" started-at="2025-07-12T22:15:05 IST" name="hospitalsSearch" data-provider="FindingHospitalsData" finished-at="2025-07-12T22:15:28 IST" duration-ms="23054" status="PASS">
          <params>
            <param index="0">
              <value>
                <![CDATA[Bangalore]]>
              </value>
            </param>
            <param index="1">
              <value>
                <![CDATA[Hospital]]>
              </value>
            </param>
            <param index="2">
              <value>
                <![CDATA[Open 24x7]]>
              </value>
            </param>
            <param index="3">
              <value>
                <![CDATA[4]]>
              </value>
            </param>
          </params>
          <reporter-output>
          </reporter-output>
        </test-method> <!-- hospitalsSearch -->
        <test-method is-config="true" signature="tearDown()[pri:0, instance:testCases.TC001_HospitalsAvailabilityTest@77825085]" started-at="2025-07-12T22:15:28 IST" name="tearDown" finished-at="2025-07-12T22:15:31 IST" duration-ms="3473" status="PASS">
          <reporter-output>
          </reporter-output>
        </test-method> <!-- tearDown -->
      </class> <!-- testCases.TC001_HospitalsAvailabilityTest -->
      <class name="testCases.TC004_LoginAuthentication">
        <test-method is-config="true" signature="setup(java.lang.String,java.lang.String)[pri:0, instance:testCases.TC004_LoginAuthentication@3549bca9]" started-at="2025-07-12T22:16:37 IST" name="setup" finished-at="2025-07-12T22:16:47 IST" duration-ms="9238" status="PASS">
          <params>
            <param index="0">
              <value>
                <![CDATA[Windows]]>
              </value>
            </param>
            <param index="1">
              <value>
                <![CDATA[Chrome]]>
              </value>
            </param>
          </params>
          <reporter-output>
          </reporter-output>
        </test-method> <!-- setup -->
        <test-method signature="loginTest(java.lang.String,java.lang.String,java.lang.String)[pri:0, instance:testCases.TC004_LoginAuthentication@3549bca9]" started-at="2025-07-12T22:16:47 IST" name="loginTest" data-provider="LoginData" finished-at="2025-07-12T22:16:50 IST" duration-ms="3151" status="PASS">
          <params>
            <param index="0">
              <value>
                <![CDATA[rajthakur2341@gmail.com]]>
              </value>
            </param>
            <param index="1">
              <value>
                <![CDATA[RajThakur234@#]]>
              </value>
            </param>
            <param index="2">
              <value>
                <![CDATA[Invalid]]>
              </value>
            </param>
          </params>
          <reporter-output>
          </reporter-output>
        </test-method> <!-- loginTest -->
        <test-method signature="loginTest(java.lang.String,java.lang.String,java.lang.String)[pri:0, instance:testCases.TC004_LoginAuthentication@3549bca9]" started-at="2025-07-12T22:16:50 IST" name="loginTest" data-provider="LoginData" finished-at="2025-07-12T22:16:54 IST" duration-ms="4135" status="PASS">
          <params>
            <param index="0">
              <value>
                <![CDATA[chatterjeenaitik0@gmail.com]]>
              </value>
            </param>
            <param index="1">
              <value>
                <![CDATA[Practo2025@#$]]>
              </value>
            </param>
            <param index="2">
              <value>
                <![CDATA[Valid]]>
              </value>
            </param>
          </params>
          <reporter-output>
          </reporter-output>
        </test-method> <!-- loginTest -->
        <test-method signature="loginTest(java.lang.String,java.lang.String,java.lang.String)[pri:0, instance:testCases.TC004_LoginAuthentication@3549bca9]" started-at="2025-07-12T22:16:54 IST" name="loginTest" data-provider="LoginData" finished-at="2025-07-12T22:16:56 IST" duration-ms="1581" status="PASS">
          <params>
            <param index="0">
              <value>
                <![CDATA[dasTanisha@gmail.com]]>
              </value>
            </param>
            <param index="1">
              <value>
                <![CDATA[xyzdasTani@#]]>
              </value>
            </param>
            <param index="2">
              <value>
                <![CDATA[Invalid]]>
              </value>
            </param>
          </params>
          <reporter-output>
          </reporter-output>
        </test-method> <!-- loginTest -->
        <test-method is-config="true" signature="tearDown()[pri:0, instance:testCases.TC004_LoginAuthentication@3549bca9]" started-at="2025-07-12T22:16:56 IST" name="tearDown" finished-at="2025-07-12T22:16:58 IST" duration-ms="2269" status="PASS">
          <reporter-output>
          </reporter-output>
        </test-method> <!-- tearDown -->
      </class> <!-- testCases.TC004_LoginAuthentication -->
    </test> <!-- chromeTest -->
    <test started-at="2025-07-12T22:17:23 IST" name="edgeTest" finished-at="2025-07-12T22:20:03 IST" duration-ms="159243">
      <class name="testCases.TC002_NearbyDoctors">
        <test-method is-config="true" signature="setup(java.lang.String,java.lang.String)[pri:0, instance:testCases.TC002_NearbyDoctors@79c7532f]" started-at="2025-07-12T22:17:50 IST" name="setup" finished-at="2025-07-12T22:17:59 IST" duration-ms="8810" status="PASS">
          <params>
            <param index="0">
              <value>
                <![CDATA[Windows]]>
              </value>
            </param>
            <param index="1">
              <value>
                <![CDATA[Edge]]>
              </value>
            </param>
          </params>
          <reporter-output>
          </reporter-output>
        </test-method> <!-- setup -->
        <test-method signature="findDoctorsTest(java.lang.String,java.lang.String)[pri:0, instance:testCases.TC002_NearbyDoctors@79c7532f]" started-at="2025-07-12T22:17:59 IST" name="findDoctorsTest" data-provider="DoctorsSearchData" finished-at="2025-07-12T22:18:54 IST" duration-ms="54661" status="PASS">
          <params>
            <param index="0">
              <value>
                <![CDATA[Bangalore]]>
              </value>
            </param>
            <param index="1">
              <value>
                <![CDATA[Dermatologist]]>
              </value>
            </param>
          </params>
          <reporter-output>
          </reporter-output>
        </test-method> <!-- findDoctorsTest -->
        <test-method is-config="true" signature="tearDown()[pri:0, instance:testCases.TC002_NearbyDoctors@79c7532f]" started-at="2025-07-12T22:18:54 IST" name="tearDown" finished-at="2025-07-12T22:18:57 IST" duration-ms="3749" status="PASS">
          <reporter-output>
          </reporter-output>
        </test-method> <!-- tearDown -->
      </class> <!-- testCases.TC002_NearbyDoctors -->
      <class name="testCases.TC003_VideoConsultancy">
        <test-method is-config="true" signature="setup(java.lang.String,java.lang.String)[pri:0, instance:testCases.TC003_VideoConsultancy@2a448449]" started-at="2025-07-12T22:18:57 IST" name="setup" finished-at="2025-07-12T22:19:06 IST" duration-ms="8936" status="PASS">
          <params>
            <param index="0">
              <value>
                <![CDATA[Windows]]>
              </value>
            </param>
            <param index="1">
              <value>
                <![CDATA[Edge]]>
              </value>
            </param>
          </params>
          <reporter-output>
          </reporter-output>
        </test-method> <!-- setup -->
        <test-method signature="getTopCities()[pri:0, instance:testCases.TC003_VideoConsultancy@2a448449]" started-at="2025-07-12T22:19:06 IST" name="getTopCities" finished-at="2025-07-12T22:19:12 IST" duration-ms="5726" status="PASS">
          <reporter-output>
          </reporter-output>
        </test-method> <!-- getTopCities -->
        <test-method is-config="true" signature="tearDown()[pri:0, instance:testCases.TC003_VideoConsultancy@2a448449]" started-at="2025-07-12T22:19:12 IST" name="tearDown" finished-at="2025-07-12T22:19:15 IST" duration-ms="2398" status="PASS">
          <reporter-output>
          </reporter-output>
        </test-method> <!-- tearDown -->
      </class> <!-- testCases.TC003_VideoConsultancy -->
      <class name="testCases.TC008_TopCity_TestPageTest">
        <test-method is-config="true" signature="setup(java.lang.String,java.lang.String)[pri:0, instance:testCases.TC008_TopCity_TestPageTest@43f82e78]" started-at="2025-07-12T22:19:34 IST" name="setup" finished-at="2025-07-12T22:19:44 IST" duration-ms="9937" status="PASS">
          <params>
            <param index="0">
              <value>
                <![CDATA[Windows]]>
              </value>
            </param>
            <param index="1">
              <value>
                <![CDATA[Edge]]>
              </value>
            </param>
          </params>
          <reporter-output>
          </reporter-output>
        </test-method> <!-- setup -->
        <test-method signature="getTopCities()[pri:0, instance:testCases.TC008_TopCity_TestPageTest@43f82e78]" started-at="2025-07-12T22:19:44 IST" name="getTopCities" finished-at="2025-07-12T22:19:59 IST" duration-ms="14652" status="PASS">
          <reporter-output>
          </reporter-output>
        </test-method> <!-- getTopCities -->
        <test-method is-config="true" signature="tearDown()[pri:0, instance:testCases.TC008_TopCity_TestPageTest@43f82e78]" started-at="2025-07-12T22:19:59 IST" name="tearDown" finished-at="2025-07-12T22:20:03 IST" duration-ms="3966" status="PASS">
          <reporter-output>
          </reporter-output>
        </test-method> <!-- tearDown -->
      </class> <!-- testCases.TC008_TopCity_TestPageTest -->
      <class name="testCases.TC001_HospitalsAvailabilityTest">
        <test-method is-config="true" signature="setup(java.lang.String,java.lang.String)[pri:0, instance:testCases.TC001_HospitalsAvailabilityTest@5674e1f2]" started-at="2025-07-12T22:17:23 IST" name="setup" finished-at="2025-07-12T22:17:32 IST" duration-ms="8903" status="PASS">
          <params>
            <param index="0">
              <value>
                <![CDATA[Windows]]>
              </value>
            </param>
            <param index="1">
              <value>
                <![CDATA[Edge]]>
              </value>
            </param>
          </params>
          <reporter-output>
          </reporter-output>
        </test-method> <!-- setup -->
        <test-method signature="hospitalsSearch(java.lang.String,java.lang.String,java.lang.String,java.lang.String)[pri:0, instance:testCases.TC001_HospitalsAvailabilityTest@5674e1f2]" started-at="2025-07-12T22:17:32 IST" name="hospitalsSearch" data-provider="FindingHospitalsData" finished-at="2025-07-12T22:17:47 IST" duration-ms="14417" status="PASS">
          <params>
            <param index="0">
              <value>
                <![CDATA[Bangalore]]>
              </value>
            </param>
            <param index="1">
              <value>
                <![CDATA[Hospital]]>
              </value>
            </param>
            <param index="2">
              <value>
                <![CDATA[Open 24x7]]>
              </value>
            </param>
            <param index="3">
              <value>
                <![CDATA[4]]>
              </value>
            </param>
          </params>
          <reporter-output>
          </reporter-output>
        </test-method> <!-- hospitalsSearch -->
        <test-method is-config="true" signature="tearDown()[pri:0, instance:testCases.TC001_HospitalsAvailabilityTest@5674e1f2]" started-at="2025-07-12T22:17:47 IST" name="tearDown" finished-at="2025-07-12T22:17:50 IST" duration-ms="3192" status="PASS">
          <reporter-output>
          </reporter-output>
        </test-method> <!-- tearDown -->
      </class> <!-- testCases.TC001_HospitalsAvailabilityTest -->
      <class name="testCases.TC004_LoginAuthentication">
        <test-method is-config="true" signature="setup(java.lang.String,java.lang.String)[pri:0, instance:testCases.TC004_LoginAuthentication@32f232a5]" started-at="2025-07-12T22:19:15 IST" name="setup" finished-at="2025-07-12T22:19:23 IST" duration-ms="8938" status="PASS">
          <params>
            <param index="0">
              <value>
                <![CDATA[Windows]]>
              </value>
            </param>
            <param index="1">
              <value>
                <![CDATA[Edge]]>
              </value>
            </param>
          </params>
          <reporter-output>
          </reporter-output>
        </test-method> <!-- setup -->
        <test-method signature="loginTest(java.lang.String,java.lang.String,java.lang.String)[pri:0, instance:testCases.TC004_LoginAuthentication@32f232a5]" started-at="2025-07-12T22:19:24 IST" name="loginTest" data-provider="LoginData" finished-at="2025-07-12T22:19:26 IST" duration-ms="2545" status="PASS">
          <params>
            <param index="0">
              <value>
                <![CDATA[rajthakur2341@gmail.com]]>
              </value>
            </param>
            <param index="1">
              <value>
                <![CDATA[RajThakur234@#]]>
              </value>
            </param>
            <param index="2">
              <value>
                <![CDATA[Invalid]]>
              </value>
            </param>
          </params>
          <reporter-output>
          </reporter-output>
        </test-method> <!-- loginTest -->
        <test-method signature="loginTest(java.lang.String,java.lang.String,java.lang.String)[pri:0, instance:testCases.TC004_LoginAuthentication@32f232a5]" started-at="2025-07-12T22:19:26 IST" name="loginTest" data-provider="LoginData" finished-at="2025-07-12T22:19:30 IST" duration-ms="3499" status="PASS">
          <params>
            <param index="0">
              <value>
                <![CDATA[chatterjeenaitik0@gmail.com]]>
              </value>
            </param>
            <param index="1">
              <value>
                <![CDATA[Practo2025@#$]]>
              </value>
            </param>
            <param index="2">
              <value>
                <![CDATA[Valid]]>
              </value>
            </param>
          </params>
          <reporter-output>
          </reporter-output>
        </test-method> <!-- loginTest -->
        <test-method signature="loginTest(java.lang.String,java.lang.String,java.lang.String)[pri:0, instance:testCases.TC004_LoginAuthentication@32f232a5]" started-at="2025-07-12T22:19:30 IST" name="loginTest" data-provider="LoginData" finished-at="2025-07-12T22:19:31 IST" duration-ms="1575" status="PASS">
          <params>
            <param index="0">
              <value>
                <![CDATA[dasTanisha@gmail.com]]>
              </value>
            </param>
            <param index="1">
              <value>
                <![CDATA[xyzdasTani@#]]>
              </value>
            </param>
            <param index="2">
              <value>
                <![CDATA[Invalid]]>
              </value>
            </param>
          </params>
          <reporter-output>
          </reporter-output>
        </test-method> <!-- loginTest -->
        <test-method is-config="true" signature="tearDown()[pri:0, instance:testCases.TC004_LoginAuthentication@32f232a5]" started-at="2025-07-12T22:19:31 IST" name="tearDown" finished-at="2025-07-12T22:19:34 IST" duration-ms="2562" status="PASS">
          <reporter-output>
          </reporter-output>
        </test-method> <!-- tearDown -->
      </class> <!-- testCases.TC004_LoginAuthentication -->
    </test> <!-- edgeTest -->
  </suite> <!-- Suite -->
</testng-results>
