<?xml version="1.0" encoding="UTF-8"?>
<testng-results ignored="0" total="1" passed="1" failed="0" skipped="0">
  <reporter-output>
  </reporter-output>
  <suite started-at="2025-07-13T11:40:43 IST" name="Suite" finished-at="2025-07-13T11:42:04 IST" duration-ms="81139">
    <groups>
    </groups>
    <test started-at="2025-07-13T11:40:43 IST" name="chromeTest" finished-at="2025-07-13T11:42:04 IST" duration-ms="81139">
      <class name="testCases.TC003_VideoConsultancy">
        <test-method is-config="true" signature="setup(java.lang.String,java.lang.String)[pri:0, instance:testCases.TC003_VideoConsultancy@5a18cd76]" started-at="2025-07-13T11:40:43 IST" name="setup" finished-at="2025-07-13T11:41:51 IST" duration-ms="67595" status="PASS">
          <params>
            <param index="0">
              <value>
                <![CDATA[Windows]]>
              </value>
            </param>
            <param index="1">
              <value>
                <![CDATA[Chrome]]>
              </value>
            </param>
          </params>
          <reporter-output>
          </reporter-output>
        </test-method> <!-- setup -->
        <test-method signature="getTopCities()[pri:0, instance:testCases.TC003_VideoConsultancy@5a18cd76]" started-at="2025-07-13T11:41:51 IST" name="getTopCities" finished-at="2025-07-13T11:42:02 IST" duration-ms="11020" status="PASS">
          <reporter-output>
          </reporter-output>
        </test-method> <!-- getTopCities -->
        <test-method is-config="true" signature="tearDown()[pri:0, instance:testCases.TC003_VideoConsultancy@5a18cd76]" started-at="2025-07-13T11:42:02 IST" name="tearDown" finished-at="2025-07-13T11:42:04 IST" duration-ms="2453" status="PASS">
          <reporter-output>
          </reporter-output>
        </test-method> <!-- tearDown -->
      </class> <!-- testCases.TC003_VideoConsultancy -->
    </test> <!-- chromeTest -->
  </suite> <!-- Suite -->
</testng-results>
