<?xml version="1.0" encoding="UTF-8"?>
<testng-results ignored="0" total="16" passed="16" failed="0" skipped="0">
  <reporter-output>
  </reporter-output>
  <suite started-at="2025-07-13T18:35:06 IST" name="Suite" finished-at="2025-07-13T18:40:37 IST" duration-ms="331337">
    <groups>
    </groups>
    <test started-at="2025-07-13T18:35:06 IST" name="chromeTest" finished-at="2025-07-13T18:37:51 IST" duration-ms="165839">
      <class name="testCases.TC002_NearbyDoctors">
        <test-method is-config="true" signature="setup(java.lang.String,java.lang.String)[pri:0, instance:testCases.TC002_NearbyDoctors@6fb365ed]" started-at="2025-07-13T18:35:37 IST" name="setup" finished-at="2025-07-13T18:35:46 IST" duration-ms="9386" status="PASS">
          <params>
            <param index="0">
              <value>
                <![CDATA[Windows]]>
              </value>
            </param>
            <param index="1">
              <value>
                <![CDATA[Chrome]]>
              </value>
            </param>
          </params>
          <reporter-output>
          </reporter-output>
        </test-method> <!-- setup -->
        <test-method signature="findDoctorsTest(java.lang.String,java.lang.String)[pri:0, instance:testCases.TC002_NearbyDoctors@6fb365ed]" started-at="2025-07-13T18:35:46 IST" name="findDoctorsTest" data-provider="DoctorsSearchData" finished-at="2025-07-13T18:36:18 IST" duration-ms="31622" status="PASS">
          <params>
            <param index="0">
              <value>
                <![CDATA[Bangalore]]>
              </value>
            </param>
            <param index="1">
              <value>
                <![CDATA[Dermatologist]]>
              </value>
            </param>
          </params>
          <reporter-output>
          </reporter-output>
        </test-method> <!-- findDoctorsTest -->
        <test-method is-config="true" signature="tearDown()[pri:0, instance:testCases.TC002_NearbyDoctors@6fb365ed]" started-at="2025-07-13T18:36:18 IST" name="tearDown" finished-at="2025-07-13T18:36:22 IST" duration-ms="3891" status="PASS">
          <reporter-output>
          </reporter-output>
        </test-method> <!-- tearDown -->
      </class> <!-- testCases.TC002_NearbyDoctors -->
      <class name="testCases.TC003_VideoConsultancy">
        <test-method is-config="true" signature="setup(java.lang.String,java.lang.String)[pri:0, instance:testCases.TC003_VideoConsultancy@6e950bcf]" started-at="2025-07-13T18:36:22 IST" name="setup" finished-at="2025-07-13T18:36:32 IST" duration-ms="9937" status="PASS">
          <params>
            <param index="0">
              <value>
                <![CDATA[Windows]]>
              </value>
            </param>
            <param index="1">
              <value>
                <![CDATA[Chrome]]>
              </value>
            </param>
          </params>
          <reporter-output>
          </reporter-output>
        </test-method> <!-- setup -->
        <test-method signature="getTopCities()[pri:0, instance:testCases.TC003_VideoConsultancy@6e950bcf]" started-at="2025-07-13T18:36:32 IST" name="getTopCities" finished-at="2025-07-13T18:36:38 IST" duration-ms="6026" status="PASS">
          <reporter-output>
          </reporter-output>
        </test-method> <!-- getTopCities -->
        <test-method is-config="true" signature="tearDown()[pri:0, instance:testCases.TC003_VideoConsultancy@6e950bcf]" started-at="2025-07-13T18:36:38 IST" name="tearDown" finished-at="2025-07-13T18:36:41 IST" duration-ms="3054" status="PASS">
          <reporter-output>
          </reporter-output>
        </test-method> <!-- tearDown -->
      </class> <!-- testCases.TC003_VideoConsultancy -->
      <class name="testCases.TC005_SearchHealthArticles">
        <test-method is-config="true" signature="setup(java.lang.String,java.lang.String)[pri:0, instance:testCases.TC005_SearchHealthArticles@74bada02]" started-at="2025-07-13T18:37:01 IST" name="setup" finished-at="2025-07-13T18:37:10 IST" duration-ms="9049" status="PASS">
          <params>
            <param index="0">
              <value>
                <![CDATA[Windows]]>
              </value>
            </param>
            <param index="1">
              <value>
                <![CDATA[Chrome]]>
              </value>
            </param>
          </params>
          <reporter-output>
          </reporter-output>
        </test-method> <!-- setup -->
        <test-method signature="healthArticlesSearch()[pri:0, instance:testCases.TC005_SearchHealthArticles@74bada02]" started-at="2025-07-13T18:37:10 IST" name="healthArticlesSearch" finished-at="2025-07-13T18:37:22 IST" duration-ms="11755" status="PASS">
          <reporter-output>
          </reporter-output>
        </test-method> <!-- healthArticlesSearch -->
        <test-method is-config="true" signature="tearDown()[pri:0, instance:testCases.TC005_SearchHealthArticles@74bada02]" started-at="2025-07-13T18:37:22 IST" name="tearDown" finished-at="2025-07-13T18:37:25 IST" duration-ms="3241" status="PASS">
          <reporter-output>
          </reporter-output>
        </test-method> <!-- tearDown -->
      </class> <!-- testCases.TC005_SearchHealthArticles -->
      <class name="testCases.TC008_TopCity_TestPageTest">
        <test-method is-config="true" signature="setup(java.lang.String,java.lang.String)[pri:0, instance:testCases.TC008_TopCity_TestPageTest@525575]" started-at="2025-07-13T18:37:25 IST" name="setup" finished-at="2025-07-13T18:37:34 IST" duration-ms="9274" status="PASS">
          <params>
            <param index="0">
              <value>
                <![CDATA[Windows]]>
              </value>
            </param>
            <param index="1">
              <value>
                <![CDATA[Chrome]]>
              </value>
            </param>
          </params>
          <reporter-output>
          </reporter-output>
        </test-method> <!-- setup -->
        <test-method signature="getTopCities()[pri:0, instance:testCases.TC008_TopCity_TestPageTest@525575]" started-at="2025-07-13T18:37:34 IST" name="getTopCities" finished-at="2025-07-13T18:37:49 IST" duration-ms="14496" status="PASS">
          <reporter-output>
          </reporter-output>
        </test-method> <!-- getTopCities -->
        <test-method is-config="true" signature="tearDown()[pri:0, instance:testCases.TC008_TopCity_TestPageTest@525575]" started-at="2025-07-13T18:37:49 IST" name="tearDown" finished-at="2025-07-13T18:37:51 IST" duration-ms="2879" status="PASS">
          <reporter-output>
          </reporter-output>
        </test-method> <!-- tearDown -->
      </class> <!-- testCases.TC008_TopCity_TestPageTest -->
      <class name="testCases.TC001_HospitalsAvailabilityTest">
        <test-method is-config="true" signature="setup(java.lang.String,java.lang.String)[pri:0, instance:testCases.TC001_HospitalsAvailabilityTest@5b1ebf56]" started-at="2025-07-13T18:35:06 IST" name="setup" finished-at="2025-07-13T18:35:18 IST" duration-ms="12107" status="PASS">
          <params>
            <param index="0">
              <value>
                <![CDATA[Windows]]>
              </value>
            </param>
            <param index="1">
              <value>
                <![CDATA[Chrome]]>
              </value>
            </param>
          </params>
          <reporter-output>
          </reporter-output>
        </test-method> <!-- setup -->
        <test-method signature="hospitalsSearch(java.lang.String,java.lang.String,java.lang.String,java.lang.String)[pri:0, instance:testCases.TC001_HospitalsAvailabilityTest@5b1ebf56]" started-at="2025-07-13T18:35:19 IST" name="hospitalsSearch" data-provider="FindingHospitalsData" finished-at="2025-07-13T18:35:33 IST" duration-ms="13785" status="PASS">
          <params>
            <param index="0">
              <value>
                <![CDATA[Bangalore]]>
              </value>
            </param>
            <param index="1">
              <value>
                <![CDATA[Hospital]]>
              </value>
            </param>
            <param index="2">
              <value>
                <![CDATA[Open 24x7]]>
              </value>
            </param>
            <param index="3">
              <value>
                <![CDATA[4]]>
              </value>
            </param>
          </params>
          <reporter-output>
          </reporter-output>
        </test-method> <!-- hospitalsSearch -->
        <test-method is-config="true" signature="tearDown()[pri:0, instance:testCases.TC001_HospitalsAvailabilityTest@5b1ebf56]" started-at="2025-07-13T18:35:33 IST" name="tearDown" finished-at="2025-07-13T18:35:37 IST" duration-ms="3748" status="PASS">
          <reporter-output>
          </reporter-output>
        </test-method> <!-- tearDown -->
      </class> <!-- testCases.TC001_HospitalsAvailabilityTest -->
      <class name="testCases.TC004_LoginAuthentication">
        <test-method is-config="true" signature="setup(java.lang.String,java.lang.String)[pri:0, instance:testCases.TC004_LoginAuthentication@16414e40]" started-at="2025-07-13T18:36:41 IST" name="setup" finished-at="2025-07-13T18:36:50 IST" duration-ms="8783" status="PASS">
          <params>
            <param index="0">
              <value>
                <![CDATA[Windows]]>
              </value>
            </param>
            <param index="1">
              <value>
                <![CDATA[Chrome]]>
              </value>
            </param>
          </params>
          <reporter-output>
          </reporter-output>
        </test-method> <!-- setup -->
        <test-method signature="loginTest(java.lang.String,java.lang.String,java.lang.String)[pri:0, instance:testCases.TC004_LoginAuthentication@16414e40]" started-at="2025-07-13T18:36:50 IST" name="loginTest" data-provider="LoginData" finished-at="2025-07-13T18:36:53 IST" duration-ms="3291" status="PASS">
          <params>
            <param index="0">
              <value>
                <![CDATA[rajthakur2341@gmail.com]]>
              </value>
            </param>
            <param index="1">
              <value>
                <![CDATA[RajThakur234@#]]>
              </value>
            </param>
            <param index="2">
              <value>
                <![CDATA[Invalid]]>
              </value>
            </param>
          </params>
          <reporter-output>
          </reporter-output>
        </test-method> <!-- loginTest -->
        <test-method signature="loginTest(java.lang.String,java.lang.String,java.lang.String)[pri:0, instance:testCases.TC004_LoginAuthentication@16414e40]" started-at="2025-07-13T18:36:53 IST" name="loginTest" data-provider="LoginData" finished-at="2025-07-13T18:36:57 IST" duration-ms="3572" status="PASS">
          <params>
            <param index="0">
              <value>
                <![CDATA[chatterjeenaitik0@gmail.com]]>
              </value>
            </param>
            <param index="1">
              <value>
                <![CDATA[Practo2025@#$]]>
              </value>
            </param>
            <param index="2">
              <value>
                <![CDATA[Valid]]>
              </value>
            </param>
          </params>
          <reporter-output>
          </reporter-output>
        </test-method> <!-- loginTest -->
        <test-method signature="loginTest(java.lang.String,java.lang.String,java.lang.String)[pri:0, instance:testCases.TC004_LoginAuthentication@16414e40]" started-at="2025-07-13T18:36:57 IST" name="loginTest" data-provider="LoginData" finished-at="2025-07-13T18:36:58 IST" duration-ms="1447" status="PASS">
          <params>
            <param index="0">
              <value>
                <![CDATA[dasTanisha@gmail.com]]>
              </value>
            </param>
            <param index="1">
              <value>
                <![CDATA[xyzdasTani@#]]>
              </value>
            </param>
            <param index="2">
              <value>
                <![CDATA[Invalid]]>
              </value>
            </param>
          </params>
          <reporter-output>
          </reporter-output>
        </test-method> <!-- loginTest -->
        <test-method is-config="true" signature="tearDown()[pri:0, instance:testCases.TC004_LoginAuthentication@16414e40]" started-at="2025-07-13T18:36:58 IST" name="tearDown" finished-at="2025-07-13T18:37:01 IST" duration-ms="2310" status="PASS">
          <reporter-output>
          </reporter-output>
        </test-method> <!-- tearDown -->
      </class> <!-- testCases.TC004_LoginAuthentication -->
    </test> <!-- chromeTest -->
    <test started-at="2025-07-13T18:37:51 IST" name="edgeTest" finished-at="2025-07-13T18:40:37 IST" duration-ms="165459">
      <class name="testCases.TC002_NearbyDoctors">
        <test-method is-config="true" signature="setup(java.lang.String,java.lang.String)[pri:0, instance:testCases.TC002_NearbyDoctors@e8df99a]" started-at="2025-07-13T18:38:20 IST" name="setup" finished-at="2025-07-13T18:38:30 IST" duration-ms="9417" status="PASS">
          <params>
            <param index="0">
              <value>
                <![CDATA[Windows]]>
              </value>
            </param>
            <param index="1">
              <value>
                <![CDATA[Edge]]>
              </value>
            </param>
          </params>
          <reporter-output>
          </reporter-output>
        </test-method> <!-- setup -->
        <test-method signature="findDoctorsTest(java.lang.String,java.lang.String)[pri:0, instance:testCases.TC002_NearbyDoctors@e8df99a]" started-at="2025-07-13T18:38:30 IST" name="findDoctorsTest" data-provider="DoctorsSearchData" finished-at="2025-07-13T18:39:00 IST" duration-ms="30356" status="PASS">
          <params>
            <param index="0">
              <value>
                <![CDATA[Bangalore]]>
              </value>
            </param>
            <param index="1">
              <value>
                <![CDATA[Dermatologist]]>
              </value>
            </param>
          </params>
          <reporter-output>
          </reporter-output>
        </test-method> <!-- findDoctorsTest -->
        <test-method is-config="true" signature="tearDown()[pri:0, instance:testCases.TC002_NearbyDoctors@e8df99a]" started-at="2025-07-13T18:39:00 IST" name="tearDown" finished-at="2025-07-13T18:39:03 IST" duration-ms="3465" status="PASS">
          <reporter-output>
          </reporter-output>
        </test-method> <!-- tearDown -->
      </class> <!-- testCases.TC002_NearbyDoctors -->
      <class name="testCases.TC003_VideoConsultancy">
        <test-method is-config="true" signature="setup(java.lang.String,java.lang.String)[pri:0, instance:testCases.TC003_VideoConsultancy@2dc995f4]" started-at="2025-07-13T18:39:04 IST" name="setup" finished-at="2025-07-13T18:39:14 IST" duration-ms="10179" status="PASS">
          <params>
            <param index="0">
              <value>
                <![CDATA[Windows]]>
              </value>
            </param>
            <param index="1">
              <value>
                <![CDATA[Edge]]>
              </value>
            </param>
          </params>
          <reporter-output>
          </reporter-output>
        </test-method> <!-- setup -->
        <test-method signature="getTopCities()[pri:0, instance:testCases.TC003_VideoConsultancy@2dc995f4]" started-at="2025-07-13T18:39:14 IST" name="getTopCities" finished-at="2025-07-13T18:39:20 IST" duration-ms="5964" status="PASS">
          <reporter-output>
          </reporter-output>
        </test-method> <!-- getTopCities -->
        <test-method is-config="true" signature="tearDown()[pri:0, instance:testCases.TC003_VideoConsultancy@2dc995f4]" started-at="2025-07-13T18:39:20 IST" name="tearDown" finished-at="2025-07-13T18:39:22 IST" duration-ms="2728" status="PASS">
          <reporter-output>
          </reporter-output>
        </test-method> <!-- tearDown -->
      </class> <!-- testCases.TC003_VideoConsultancy -->
      <class name="testCases.TC005_SearchHealthArticles">
        <test-method is-config="true" signature="setup(java.lang.String,java.lang.String)[pri:0, instance:testCases.TC005_SearchHealthArticles@517566b]" started-at="2025-07-13T18:39:44 IST" name="setup" finished-at="2025-07-13T18:39:54 IST" duration-ms="9783" status="PASS">
          <params>
            <param index="0">
              <value>
                <![CDATA[Windows]]>
              </value>
            </param>
            <param index="1">
              <value>
                <![CDATA[Edge]]>
              </value>
            </param>
          </params>
          <reporter-output>
          </reporter-output>
        </test-method> <!-- setup -->
        <test-method signature="healthArticlesSearch()[pri:0, instance:testCases.TC005_SearchHealthArticles@517566b]" started-at="2025-07-13T18:39:54 IST" name="healthArticlesSearch" finished-at="2025-07-13T18:40:06 IST" duration-ms="11994" status="PASS">
          <reporter-output>
          </reporter-output>
        </test-method> <!-- healthArticlesSearch -->
        <test-method is-config="true" signature="tearDown()[pri:0, instance:testCases.TC005_SearchHealthArticles@517566b]" started-at="2025-07-13T18:40:06 IST" name="tearDown" finished-at="2025-07-13T18:40:09 IST" duration-ms="3544" status="PASS">
          <reporter-output>
          </reporter-output>
        </test-method> <!-- tearDown -->
      </class> <!-- testCases.TC005_SearchHealthArticles -->
      <class name="testCases.TC008_TopCity_TestPageTest">
        <test-method is-config="true" signature="setup(java.lang.String,java.lang.String)[pri:0, instance:testCases.TC008_TopCity_TestPageTest@64b73e7a]" started-at="2025-07-13T18:40:09 IST" name="setup" finished-at="2025-07-13T18:40:19 IST" duration-ms="10053" status="PASS">
          <params>
            <param index="0">
              <value>
                <![CDATA[Windows]]>
              </value>
            </param>
            <param index="1">
              <value>
                <![CDATA[Edge]]>
              </value>
            </param>
          </params>
          <reporter-output>
          </reporter-output>
        </test-method> <!-- setup -->
        <test-method signature="getTopCities()[pri:0, instance:testCases.TC008_TopCity_TestPageTest@64b73e7a]" started-at="2025-07-13T18:40:19 IST" name="getTopCities" finished-at="2025-07-13T18:40:34 IST" duration-ms="14774" status="PASS">
          <reporter-output>
          </reporter-output>
        </test-method> <!-- getTopCities -->
        <test-method is-config="true" signature="tearDown()[pri:0, instance:testCases.TC008_TopCity_TestPageTest@64b73e7a]" started-at="2025-07-13T18:40:34 IST" name="tearDown" finished-at="2025-07-13T18:40:37 IST" duration-ms="3015" status="PASS">
          <reporter-output>
          </reporter-output>
        </test-method> <!-- tearDown -->
      </class> <!-- testCases.TC008_TopCity_TestPageTest -->
      <class name="testCases.TC001_HospitalsAvailabilityTest">
        <test-method is-config="true" signature="setup(java.lang.String,java.lang.String)[pri:0, instance:testCases.TC001_HospitalsAvailabilityTest@e54303]" started-at="2025-07-13T18:37:51 IST" name="setup" finished-at="2025-07-13T18:38:01 IST" duration-ms="9865" status="PASS">
          <params>
            <param index="0">
              <value>
                <![CDATA[Windows]]>
              </value>
            </param>
            <param index="1">
              <value>
                <![CDATA[Edge]]>
              </value>
            </param>
          </params>
          <reporter-output>
          </reporter-output>
        </test-method> <!-- setup -->
        <test-method signature="hospitalsSearch(java.lang.String,java.lang.String,java.lang.String,java.lang.String)[pri:0, instance:testCases.TC001_HospitalsAvailabilityTest@e54303]" started-at="2025-07-13T18:38:02 IST" name="hospitalsSearch" data-provider="FindingHospitalsData" finished-at="2025-07-13T18:38:17 IST" duration-ms="15152" status="PASS">
          <params>
            <param index="0">
              <value>
                <![CDATA[Bangalore]]>
              </value>
            </param>
            <param index="1">
              <value>
                <![CDATA[Hospital]]>
              </value>
            </param>
            <param index="2">
              <value>
                <![CDATA[Open 24x7]]>
              </value>
            </param>
            <param index="3">
              <value>
                <![CDATA[4]]>
              </value>
            </param>
          </params>
          <reporter-output>
          </reporter-output>
        </test-method> <!-- hospitalsSearch -->
        <test-method is-config="true" signature="tearDown()[pri:0, instance:testCases.TC001_HospitalsAvailabilityTest@e54303]" started-at="2025-07-13T18:38:17 IST" name="tearDown" finished-at="2025-07-13T18:38:20 IST" duration-ms="3308" status="PASS">
          <reporter-output>
          </reporter-output>
        </test-method> <!-- tearDown -->
      </class> <!-- testCases.TC001_HospitalsAvailabilityTest -->
      <class name="testCases.TC004_LoginAuthentication">
        <test-method is-config="true" signature="setup(java.lang.String,java.lang.String)[pri:0, instance:testCases.TC004_LoginAuthentication@2f40e5db]" started-at="2025-07-13T18:39:22 IST" name="setup" finished-at="2025-07-13T18:39:32 IST" duration-ms="9565" status="PASS">
          <params>
            <param index="0">
              <value>
                <![CDATA[Windows]]>
              </value>
            </param>
            <param index="1">
              <value>
                <![CDATA[Edge]]>
              </value>
            </param>
          </params>
          <reporter-output>
          </reporter-output>
        </test-method> <!-- setup -->
        <test-method signature="loginTest(java.lang.String,java.lang.String,java.lang.String)[pri:0, instance:testCases.TC004_LoginAuthentication@2f40e5db]" started-at="2025-07-13T18:39:32 IST" name="loginTest" data-provider="LoginData" finished-at="2025-07-13T18:39:35 IST" duration-ms="2991" status="PASS">
          <params>
            <param index="0">
              <value>
                <![CDATA[rajthakur2341@gmail.com]]>
              </value>
            </param>
            <param index="1">
              <value>
                <![CDATA[RajThakur234@#]]>
              </value>
            </param>
            <param index="2">
              <value>
                <![CDATA[Invalid]]>
              </value>
            </param>
          </params>
          <reporter-output>
          </reporter-output>
        </test-method> <!-- loginTest -->
        <test-method signature="loginTest(java.lang.String,java.lang.String,java.lang.String)[pri:0, instance:testCases.TC004_LoginAuthentication@2f40e5db]" started-at="2025-07-13T18:39:35 IST" name="loginTest" data-provider="LoginData" finished-at="2025-07-13T18:39:39 IST" duration-ms="3999" status="PASS">
          <params>
            <param index="0">
              <value>
                <![CDATA[chatterjeenaitik0@gmail.com]]>
              </value>
            </param>
            <param index="1">
              <value>
                <![CDATA[Practo2025@#$]]>
              </value>
            </param>
            <param index="2">
              <value>
                <![CDATA[Valid]]>
              </value>
            </param>
          </params>
          <reporter-output>
          </reporter-output>
        </test-method> <!-- loginTest -->
        <test-method signature="loginTest(java.lang.String,java.lang.String,java.lang.String)[pri:0, instance:testCases.TC004_LoginAuthentication@2f40e5db]" started-at="2025-07-13T18:39:39 IST" name="loginTest" data-provider="LoginData" finished-at="2025-07-13T18:39:41 IST" duration-ms="1611" status="PASS">
          <params>
            <param index="0">
              <value>
                <![CDATA[dasTanisha@gmail.com]]>
              </value>
            </param>
            <param index="1">
              <value>
                <![CDATA[xyzdasTani@#]]>
              </value>
            </param>
            <param index="2">
              <value>
                <![CDATA[Invalid]]>
              </value>
            </param>
          </params>
          <reporter-output>
          </reporter-output>
        </test-method> <!-- loginTest -->
        <test-method is-config="true" signature="tearDown()[pri:0, instance:testCases.TC004_LoginAuthentication@2f40e5db]" started-at="2025-07-13T18:39:41 IST" name="tearDown" finished-at="2025-07-13T18:39:44 IST" duration-ms="2783" status="PASS">
          <reporter-output>
          </reporter-output>
        </test-method> <!-- tearDown -->
      </class> <!-- testCases.TC004_LoginAuthentication -->
    </test> <!-- edgeTest -->
  </suite> <!-- Suite -->
</testng-results>
